Release 14.7 - ngc2edif P.20131013 (lin64)
Copyright (c) 1995-2013 Xilinx, Inc.  All rights reserved.
Reading design VGA_top.ngc ...
WARNING:NetListWriters:298 - No output is written to VGA_top.xncf, ignored.
Processing design ...
   Preping design's networks ...
   Preping design's macros ...
  finished :Prep
Writing EDIF netlist file VGA_top.edif ...
ngc2edif: Total memory usage is 92660 kilobytes

Release 14.7 - ngc2edif P.20131013 (lin64)
Copyright (c) 1995-2013 Xilinx, Inc.  All rights reserved.
Reading design RAM_2048x8.ngc ...
WARNING:NetListWriters:298 - No output is written to RAM_2048x8.xncf, ignored.
Processing design ...
   Preping design's networks ...
   Preping design's macros ...
  finished :Prep
Writing EDIF netlist file RAM_2048x8.edif ...
ngc2edif: Total memory usage is 92096 kilobytes

Release 14.7 - ngc2edif P.20131013 (lin64)
Copyright (c) 1995-2013 Xilinx, Inc.  All rights reserved.
Reading design RAM_8192x8.ngc ...
WARNING:NetListWriters:298 - No output is written to RAM_8192x8.xncf, ignored.
Processing design ...
   Preping design's networks ...
   Preping design's macros ...
  finished :Prep
Writing EDIF netlist file RAM_8192x8.edif ...
ngc2edif: Total memory usage is 92264 kilobytes

Release 14.7 - ngc2edif P.20131013 (lin64)
Copyright (c) 1995-2013 Xilinx, Inc.  All rights reserved.
Reading design VGA_top.ngc ...
WARNING:NetListWriters:298 - No output is written to VGA_top.xncf, ignored.
Processing design ...
   Preping design's networks ...
   Preping design's macros ...
  finished :Prep
Writing EDIF netlist file VGA_top.edif ...
ngc2edif: Total memory usage is 92900 kilobytes

Release 14.7 - ngc2edif P.20131013 (lin64)
Copyright (c) 1995-2013 Xilinx, Inc.  All rights reserved.
Reading design FIFO_16x8.ngc ...
WARNING:NetListWriters:298 - No output is written to FIFO_16x8.xncf, ignored.
Processing design ...
   Preping design's networks ...
   Preping design's macros ...
  finished :Prep
Writing EDIF netlist file FIFO_16x8.edif ...
ngc2edif: Total memory usage is 92400 kilobytes

Release 14.7 - ngc2edif P.20131013 (lin64)
Copyright (c) 1995-2013 Xilinx, Inc.  All rights reserved.
Reading design RAM_8192x8.ngc ...
WARNING:NetListWriters:298 - No output is written to RAM_8192x8.xncf, ignored.
Processing design ...
   Preping design's networks ...
   Preping design's macros ...
  finished :Prep
Writing EDIF netlist file RAM_8192x8.edif ...
ngc2edif: Total memory usage is 92264 kilobytes

Release 14.7 - ngc2edif P.20131013 (lin64)
Copyright (c) 1995-2013 Xilinx, Inc.  All rights reserved.
Reading design RAM_2048x8.ngc ...
WARNING:NetListWriters:298 - No output is written to RAM_2048x8.xncf, ignored.
Processing design ...
   Preping design's networks ...
   Preping design's macros ...
  finished :Prep
Writing EDIF netlist file RAM_2048x8.edif ...
ngc2edif: Total memory usage is 92100 kilobytes

