
****** PlanAhead v14.7 (64-bit)
  **** Build 321239 by xbuild on Fri Sep 27 19:24:36 MDT 2013
    ** Copyright 1986-1999, 2001-2013 Xilinx, Inc. All Rights Reserved.

INFO: [Common 17-78] Attempting to get a license: PlanAhead
INFO: [Common 17-290] Got license for PlanAhead
INFO: [Device 21-36] Loading parts and site information from /home/jaroslaw/developement/FPGA/14.7/ISE_DS/PlanAhead/data/parts/arch.xml
Parsing RTL primitives file [/home/jaroslaw/developement/FPGA/14.7/ISE_DS/PlanAhead/data/parts/xilinx/rtl/prims/rtl_prims.xml]
Finished parsing RTL primitives file [/home/jaroslaw/developement/FPGA/14.7/ISE_DS/PlanAhead/data/parts/xilinx/rtl/prims/rtl_prims.xml]
start_gui
source /home/jaroslaw/developement/FPGA/projects/VGA_text/pa.fromNetlist.tcl
# create_project -name VGA_text -dir "/home/jaroslaw/developement/FPGA/projects/VGA_text/planAhead_run_1" -part xc6slx9csg324-2
# set_property design_mode GateLvl [get_property srcset [current_run -impl]]
# set_property edif_top_file "/home/jaroslaw/developement/FPGA/projects/VGA_text/VGA_top.ngc" [ get_property srcset [ current_run ] ]
# add_files -norecurse { {/home/jaroslaw/developement/FPGA/projects/VGA_text} {ipcore_dir} }
# add_files [list {ipcore_dir/RAM_8192x8.ncf}] -fileset [get_property constrset [current_run]]
# add_files [list {ipcore_dir/RAM_2048x8.ncf}] -fileset [get_property constrset [current_run]]
# set_property target_constrs_file "VGA_top.ucf" [current_fileset -constrset]
Adding file '/home/jaroslaw/developement/FPGA/projects/VGA_text/VGA_top.ucf' to fileset 'constrs_1'
# add_files [list {VGA_top.ucf}] -fileset [get_property constrset [current_run]]
# link_design
Design is defaulting to srcset: sources_1
Design is defaulting to constrset: constrs_1
Design is defaulting to project part: xc6slx9csg324-2
Release 14.7 - ngc2edif P.20131013 (lin64)
Copyright (c) 1995-2013 Xilinx, Inc.  All rights reserved.

Release 14.7 - ngc2edif P.20131013 (lin64)
Copyright (c) 1995-2013 Xilinx, Inc.  All rights reserved.
Reading design VGA_top.ngc ...
WARNING:NetListWriters:298 - No output is written to VGA_top.xncf, ignored.
Processing design ...
   Preping design's networks ...
   Preping design's macros ...
  finished :Prep
Writing EDIF netlist file VGA_top.edif ...
ngc2edif: Total memory usage is 92660 kilobytes

Parsing EDIF File [./planAhead_run_1/VGA_text.data/cache/VGA_top_ngc_5700e182.edif]
CRITICAL WARNING: [Netlist 29-73] Incorrect value '10.0' specified for property 'CLKIN_PERIOD'. The system will either use the default value or the property value will be dropped. Verify your source files. [/home/jaroslaw/developement/FPGA/projects/VGA_text/VGA_top.ngc:3372]
CRITICAL WARNING: [Netlist 29-73] Incorrect value '0,500000' specified for property 'CLKOUT0_DUTY_CYCLE'. The system will either use the default value or the property value will be dropped. Verify your source files. [/home/jaroslaw/developement/FPGA/projects/VGA_text/VGA_top.ngc:3374]
CRITICAL WARNING: [Netlist 29-73] Incorrect value '0,500000' specified for property 'CLKOUT1_DUTY_CYCLE'. The system will either use the default value or the property value will be dropped. Verify your source files. [/home/jaroslaw/developement/FPGA/projects/VGA_text/VGA_top.ngc:3377]
CRITICAL WARNING: [Netlist 29-73] Incorrect value '0,500000' specified for property 'CLKOUT2_DUTY_CYCLE'. The system will either use the default value or the property value will be dropped. Verify your source files. [/home/jaroslaw/developement/FPGA/projects/VGA_text/VGA_top.ngc:3380]
CRITICAL WARNING: [Netlist 29-73] Incorrect value '0,500000' specified for property 'CLKOUT3_DUTY_CYCLE'. The system will either use the default value or the property value will be dropped. Verify your source files. [/home/jaroslaw/developement/FPGA/projects/VGA_text/VGA_top.ngc:3383]
CRITICAL WARNING: [Netlist 29-73] Incorrect value '0,500000' specified for property 'CLKOUT4_DUTY_CYCLE'. The system will either use the default value or the property value will be dropped. Verify your source files. [/home/jaroslaw/developement/FPGA/projects/VGA_text/VGA_top.ngc:3386]
CRITICAL WARNING: [Netlist 29-73] Incorrect value '0,500000' specified for property 'CLKOUT5_DUTY_CYCLE'. The system will either use the default value or the property value will be dropped. Verify your source files. [/home/jaroslaw/developement/FPGA/projects/VGA_text/VGA_top.ngc:3389]
Finished Parsing EDIF File [./planAhead_run_1/VGA_text.data/cache/VGA_top_ngc_5700e182.edif]
Release 14.7 - ngc2edif P.20131013 (lin64)
Copyright (c) 1995-2013 Xilinx, Inc.  All rights reserved.

Release 14.7 - ngc2edif P.20131013 (lin64)
Copyright (c) 1995-2013 Xilinx, Inc.  All rights reserved.
Reading design RAM_2048x8.ngc ...
WARNING:NetListWriters:298 - No output is written to RAM_2048x8.xncf, ignored.
Processing design ...
   Preping design's networks ...
   Preping design's macros ...
  finished :Prep
Writing EDIF netlist file RAM_2048x8.edif ...
ngc2edif: Total memory usage is 92096 kilobytes

Reading core file '/home/jaroslaw/developement/FPGA/projects/VGA_text/ipcore_dir/RAM_2048x8.ngc' for (cell view 'RAM_2048x8', library 'VGA_top_lib', file 'VGA_top.ngc')
Parsing EDIF File [./planAhead_run_1/VGA_text.data/cache/RAM_2048x8_ngc_95f7d839.edif]
Finished Parsing EDIF File [./planAhead_run_1/VGA_text.data/cache/RAM_2048x8_ngc_95f7d839.edif]
Release 14.7 - ngc2edif P.20131013 (lin64)
Copyright (c) 1995-2013 Xilinx, Inc.  All rights reserved.

Release 14.7 - ngc2edif P.20131013 (lin64)
Copyright (c) 1995-2013 Xilinx, Inc.  All rights reserved.
Reading design RAM_8192x8.ngc ...
WARNING:NetListWriters:298 - No output is written to RAM_8192x8.xncf, ignored.
Processing design ...
   Preping design's networks ...
   Preping design's macros ...
  finished :Prep
Writing EDIF netlist file RAM_8192x8.edif ...
ngc2edif: Total memory usage is 92264 kilobytes

Reading core file '/home/jaroslaw/developement/FPGA/projects/VGA_text/ipcore_dir/RAM_8192x8.ngc' for (cell view 'RAM_8192x8', library 'VGA_top_lib', file 'VGA_top.ngc')
Parsing EDIF File [./planAhead_run_1/VGA_text.data/cache/RAM_8192x8_ngc_95f7d839.edif]
Finished Parsing EDIF File [./planAhead_run_1/VGA_text.data/cache/RAM_8192x8_ngc_95f7d839.edif]
Loading clock regions from /home/jaroslaw/developement/FPGA/14.7/ISE_DS/PlanAhead/data/parts/xilinx/spartan6/spartan6lx/xc6slx9/ClockRegion.xml
Loading clock buffers from /home/jaroslaw/developement/FPGA/14.7/ISE_DS/PlanAhead/data/parts/xilinx/spartan6/spartan6lx/xc6slx9/ClockBuffers.xml
Loading package pin functions from /home/jaroslaw/developement/FPGA/14.7/ISE_DS/PlanAhead/data/parts/xilinx/spartan6/PinFunctions.xml...
Loading package from /home/jaroslaw/developement/FPGA/14.7/ISE_DS/PlanAhead/data/parts/xilinx/spartan6/spartan6lx/xc6slx9/csg324/Package.xml
Loading io standards from /home/jaroslaw/developement/FPGA/14.7/ISE_DS/PlanAhead/data/./parts/xilinx/spartan6/IOStandards.xml
Loading device configuration modes from /home/jaroslaw/developement/FPGA/14.7/ISE_DS/PlanAhead/data/parts/xilinx/spartan6/ConfigModes.xml
Loading list of drcs for the architecture : /home/jaroslaw/developement/FPGA/14.7/ISE_DS/PlanAhead/data/./parts/xilinx/spartan6/drc.xml
Parsing UCF File [/home/jaroslaw/developement/FPGA/projects/VGA_text/ipcore_dir/RAM_8192x8.ncf]
Finished Parsing UCF File [/home/jaroslaw/developement/FPGA/projects/VGA_text/ipcore_dir/RAM_8192x8.ncf]
Parsing UCF File [/home/jaroslaw/developement/FPGA/projects/VGA_text/ipcore_dir/RAM_2048x8.ncf]
Finished Parsing UCF File [/home/jaroslaw/developement/FPGA/projects/VGA_text/ipcore_dir/RAM_2048x8.ncf]
Parsing UCF File [/home/jaroslaw/developement/FPGA/projects/VGA_text/VGA_top.ucf]
Finished Parsing UCF File [/home/jaroslaw/developement/FPGA/projects/VGA_text/VGA_top.ucf]
INFO: [Project 1-111] Unisim Transformation Summary:
No Unisim elements were transformed.

Phase 0 | Netlist Checksum: 9cf05706
link_design: Time (s): cpu = 00:00:22 ; elapsed = 00:00:16 . Memory (MB): peak = 2933.211 ; gain = 208.777
set_property iostandard LVCMOS33 [get_ports [list {data[7]} {data[6]} {data[5]} {data[4]} {data[3]} {data[2]} {data[1]} {data[0]}]]
set_property iostandard LVCMOS33 [get_ports [list {switch[7]} {switch[6]} {switch[5]} {switch[4]} {switch[3]} {switch[2]} {switch[1]} {switch[0]}]]
set_property iostandard LVCMOS33 [get_ports [list button]]
set_property iostandard LVCMOS33 [get_ports [list clk]]
set_property iostandard LVCMOS33 [get_ports [list hSync]]
set_property iostandard LVCMOS33 [get_ports [list vSync]]
set_property drive 8 [get_ports [list {data[7]} {data[6]} {data[5]} {data[4]} {data[3]} {data[2]} {data[1]} {data[0]}]]
set_property drive 8 [get_ports [list hSync]]
set_property drive 8 [get_ports [list vSync]]
set_property slew FAST [get_ports [list {data[7]} {data[6]} {data[5]} {data[4]} {data[3]} {data[2]} {data[1]} {data[0]}]]
set_property slew FAST [get_ports [list hSync]]
set_property slew FAST [get_ports [list vSync]]
set_property pulltype PULLUP [get_ports [list {switch[7]} {switch[6]} {switch[5]} {switch[4]} {switch[3]} {switch[2]} {switch[1]} {switch[0]}]]
set_property pulltype PULLUP [get_ports [list button]]
startgroup
set_property package_pin V10 [get_ports clk]
endgroup
startgroup
set_property package_pin F17 [get_ports {switch[7]}]
endgroup
startgroup
set_property package_pin F18 [get_ports {switch[6]}]
endgroup
startgroup
set_property package_pin E16 [get_ports {switch[5]}]
endgroup
startgroup
set_property package_pin E18 [get_ports {switch[4]}]
endgroup
startgroup
set_property package_pin D18 [get_ports {switch[3]}]
endgroup
startgroup
set_property package_pin D17 [get_ports {switch[2]}]
endgroup
startgroup
set_property package_pin C18 [get_ports {switch[1]}]
endgroup
startgroup
set_property package_pin C17 [get_ports {switch[0]}]
endgroup
startgroup
set_property package_pin M16 [get_ports button]
endgroup
startgroup
set_property package_pin B12 [get_ports hSync]
endgroup
startgroup
set_property package_pin A12 [get_ports vSync]
endgroup
startgroup
set_property package_pin C9 [get_ports {data[7]}]
endgroup
startgroup
set_property package_pin B9 [get_ports {data[6]}]
endgroup
startgroup
set_property package_pin A9 [get_ports {data[5]}]
endgroup
startgroup
set_property package_pin C11 [get_ports {data[4]}]
endgroup
startgroup
set_property package_pin A10 [get_ports {data[3]}]
endgroup
startgroup
set_property package_pin C10 [get_ports {data[2]}]
endgroup
startgroup
set_property package_pin A11 [get_ports {data[1]}]
endgroup
startgroup
set_property package_pin B11 [get_ports {data[0]}]
endgroup
startgroup
set_property package_pin A11 [get_ports {data[1]}]
endgroup
save_constraints
exit
ERROR: [Common 17-39] 'stop_gui' failed due to earlier errors.
INFO: [Common 17-206] Exiting PlanAhead at Fri Jan 15 22:22:20 2021...
INFO: [Common 17-83] Releasing license: PlanAhead
