Command line:
   UART_TB_isim_beh.exe
     -simmode  gui
     -simrunnum  0
     -socket  41571

Sun Jan 17 13:06:45 2021


 Elaboration Time: 0.04 sec

 Current Memory Usage: 194.736 Meg

 Total Signals          : 545
 Total Nets             : 1411
 Total Signal Drivers   : 218
 Total Blocks           : 30
 Total Primitive Blocks : 18
 Total Processes        : 86
 Total Traceable Variables  : 346
 Total Scalar Nets and Variables : 2307
Total Line Count : 301

 Total Simulation Time: 0.4 sec

 Current Memory Usage: 270.238 Meg

Sun Jan 17 13:07:31 2021

